Power Analyzer report for full_adder
Mon Oct 20 04:02:29 2025
Quartus Prime Version 20.1.1 Build 720 11/11/2020 SJ Lite Edition


---------------------
; Table of Contents ;
---------------------
  1. Legal Notice
  2. Parallel Compilation
  3. Power Analyzer Summary
  4. Power Analyzer Settings
  5. Indeterminate Toggle Rates
  6. Operating Conditions Used
  7. Thermal Power Dissipation by Block
  8. Thermal Power Dissipation by Block Type
  9. Thermal Power Dissipation by Hierarchy
 10. Core Dynamic Thermal Power Dissipation by Clock Domain
 11. Current Drawn from Voltage Supplies Summary
 12. VCCIO Supply Current Drawn by I/O Bank
 13. VCCIO Supply Current Drawn by Voltage
 14. VCCPD Supply Current Drawn by I/O Bank
 15. VCCPD Supply Current Drawn by Voltage
 16. Confidence Metric Details
 17. Signal Activities
 18. Power Analyzer Messages



----------------
; Legal Notice ;
----------------
Copyright (C) 2020  Intel Corporation. All rights reserved.
Your use of Intel Corporation's design tools, logic functions 
and other software and tools, and any partner logic 
functions, and any output files from any of the foregoing 
(including device programming or simulation files), and any 
associated documentation or information are expressly subject 
to the terms and conditions of the Intel Program License 
Subscription Agreement, the Intel Quartus Prime License Agreement,
the Intel FPGA IP License Agreement, or other applicable license
agreement, including, without limitation, that your use is for
the sole purpose of programming logic devices manufactured by
Intel and sold by Intel or its authorized distributors.  Please
refer to the applicable agreement for further details, at
https://fpgasoftware.intel.com/eula.



+------------------------------------------+
; Parallel Compilation                     ;
+----------------------------+-------------+
; Processors                 ; Number      ;
+----------------------------+-------------+
; Number detected on machine ; 12          ;
; Maximum allowed            ; 12          ;
;                            ;             ;
; Average used               ; 1.04        ;
; Maximum used               ; 12          ;
;                            ;             ;
; Usage by Processor         ; % Time Used ;
;     Processor 1            ; 100.0%      ;
;     Processor 2            ;   1.9%      ;
;     Processors 3-12        ;   0.2%      ;
+----------------------------+-------------+


+-------------------------------------------------------------------------------------------+
; Power Analyzer Summary                                                                    ;
+----------------------------------------+--------------------------------------------------+
; Power Analyzer Status                  ; Successful - Mon Oct 20 04:02:29 2025            ;
; Quartus Prime Version                  ; 20.1.1 Build 720 11/11/2020 SJ Lite Edition      ;
; Revision Name                          ; full_adder                                       ;
; Top-level Entity Name                  ; full_adder                                       ;
; Family                                 ; Cyclone V                                        ;
; Device                                 ; 5CSEMA5F31C6                                     ;
; Power Models                           ; Final                                            ;
; Total Thermal Power Dissipation        ; 419.75 mW                                        ;
; Core Dynamic Thermal Power Dissipation ; 0.00 mW                                          ;
; Core Static Thermal Power Dissipation  ; 411.22 mW                                        ;
; I/O Thermal Power Dissipation          ; 8.53 mW                                          ;
; Power Estimation Confidence            ; Low: user provided insufficient toggle rate data ;
+----------------------------------------+--------------------------------------------------+


+--------------------------------------------------------------------------------------------+
; Power Analyzer Settings                                                                    ;
+------------------------------------------------------------------+---------+---------------+
; Option                                                           ; Setting ; Default Value ;
+------------------------------------------------------------------+---------+---------------+
; Maximum processors allowed for parallel compilation              ; All     ;               ;
; Use smart compilation                                            ; Off     ; Off           ;
; Enable parallel Assembler and Timing Analyzer during compilation ; On      ; On            ;
; Enable compact report table                                      ; Off     ; Off           ;
; Default Power Toggle Rate                                        ; 12.5%   ; 12.5%         ;
; Default Power Input I/O Toggle Rate                              ; 12.5%   ; 12.5%         ;
; Use vectorless estimation                                        ; On      ; On            ;
; Use Input Files                                                  ; Off     ; Off           ;
; Filter Glitches in VCD File Reader                               ; On      ; On            ;
; Power Analyzer Report Signal Activity                            ; Off     ; Off           ;
; Power Analyzer Report Power Dissipation                          ; Off     ; Off           ;
; Device Power Characteristics                                     ; TYPICAL ; TYPICAL       ;
; Automatically Compute Junction Temperature                       ; On      ; On            ;
; Specified Junction Temperature                                   ; 25      ; 25            ;
; Ambient Temperature                                              ; 25      ; 25            ;
; Use Custom Cooling Solution                                      ; Off     ; Off           ;
; Board Temperature                                                ; 25      ; 25            ;
; Enable HPS                                                       ; Off     ; Off           ;
; Processor Frequency                                              ; 0.0     ; 0.0           ;
+------------------------------------------------------------------+---------+---------------+


+------------------------------------+
; Indeterminate Toggle Rates         ;
+------+-----------------------------+
; Node ; Reason                      ;
+------+-----------------------------+
; A    ; No valid clock domain found ;
; Cin  ; No valid clock domain found ;
; B    ; No valid clock domain found ;
+------+-----------------------------+


+-------------------------------------------------------------------------+
; Operating Conditions Used                                               ;
+---------------------------------------------+---------------------------+
; Setting                                     ; Value                     ;
+---------------------------------------------+---------------------------+
; Device power characteristics                ; Typical                   ;
;                                             ;                           ;
; Voltages                                    ;                           ;
;     VCC                                     ; 1.10 V                    ;
;     VCCA_FPLL                               ; 2.50 V                    ;
;     VCCPGM                                  ; 1.80 V                    ;
;     VCCBAT                                  ; 1.20 V                    ;
;     VCCE_GXB                                ; 1.10 V                    ;
;     VCCL_GXB                                ; 1.10 V                    ;
;     VCCH_GXB                                ; 2.50 V                    ;
;     VCCAUX                                  ; 2.50 V                    ;
;     VCC_HPS                                 ; 1.10 V                    ;
;     VCCRSTCLK_HPS                           ; 1.80 V                    ;
;     VCCPLL_HPS                              ; 2.50 V                    ;
;     VCCAUX_SHARED                           ; 2.50 V                    ;
;     2.5 V I/O Standard                      ; 2.5 V                     ;
;                                             ;                           ;
; Auto computed junction temperature          ; 26.9 degrees Celsius      ;
;     Ambient temperature                     ; 25.0 degrees Celsius      ;
;     Junction-to-Case thermal resistance     ; 2.30 degrees Celsius/Watt ;
;     Case-to-Heat Sink thermal resistance    ; 0.10 degrees Celsius/Watt ;
;     Heat Sink-to-Ambient thermal resistance ; 2.10 degrees Celsius/Watt ;
;                                             ;                           ;
; Board model used                            ; None                      ;
+---------------------------------------------+---------------------------+


+----------------------------------------------------------------------------------------------------------------------------------------------+
; Thermal Power Dissipation by Block                                                                                                           ;
+------------+------------+---------------------+-----------------------------+--------------------------------+-------------------------------+
; Block Name ; Block Type ; Total Thermal Power ; Block Thermal Dynamic Power ; Block Thermal Static Power (1) ; Routing Thermal Dynamic Power ;
+------------+------------+---------------------+-----------------------------+--------------------------------+-------------------------------+
(1) The "Thermal Power Dissipation by Block" Table has been hidden. To show this table, please select the "Write power dissipation by block to report file" option under "PowerPlay Power Analyzer Settings".


+-----------------------------------------------------------------------------------------------------------------------------------------------------------------------------------------------------------+
; Thermal Power Dissipation by Block Type                                                                                                                                                                   ;
+------------+-----------------------------------+-----------------------------+--------------------------------+-------------------------------+-----------------------------------------------------------+
; Block Type ; Total Thermal Power by Block Type ; Block Thermal Dynamic Power ; Block Thermal Static Power (1) ; Routing Thermal Dynamic Power ; Block Average Toggle Rate (millions of transitions / sec) ;
+------------+-----------------------------------+-----------------------------+--------------------------------+-------------------------------+-----------------------------------------------------------+
; I/O        ; 0.53 mW                           ; 0.18 mW                     ; 0.35 mW                        ; 0.00 mW                       ;   16.667                                                  ;
+------------+-----------------------------------+-----------------------------+--------------------------------+-------------------------------+-----------------------------------------------------------+
(1) The "Block Thermal Static Power" for all block types except Pins and the Voltage Regulator, if one exists, is part of the "Core Static Thermal Power Dissipation" value found on the PowerPlay Power Analyzer-->Summary report panel. The "Core Static Thermal Power Dissipation" also contains the thermal static power dissipated by the routing.


+-----------------------------------------------------------------------------------------------------------------------------------------------------------------------------------------------------------------------------------+
; Thermal Power Dissipation by Hierarchy                                                                                                                                                                                            ;
+-------------------------------------+--------------------------------------+---------------------------------+-----------------------------------+-----------------------------------+--------------------------------------------+
; Compilation Hierarchy Node          ; Total Thermal Power by Hierarchy (1) ; Block Thermal Dynamic Power (1) ; Block Thermal Static Power (1)(2) ; Routing Thermal Dynamic Power (1) ; Full Hierarchy Name                        ;
+-------------------------------------+--------------------------------------+---------------------------------+-----------------------------------+-----------------------------------+--------------------------------------------+
; |full_adder                         ; 0.53 mW (0.53 mW)                    ; 0.18 mW (0.18 mW)               ; 0.35 mW (0.35 mW)                 ; 0.00 mW (0.00 mW)                 ; |full_adder                                ;
;     |hard_block:auto_generated_inst ; 0.00 mW (0.00 mW)                    ; 0.00 mW (0.00 mW)               ; --                                ; 0.00 mW (0.00 mW)                 ; |full_adder|hard_block:auto_generated_inst ;
+-------------------------------------+--------------------------------------+---------------------------------+-----------------------------------+-----------------------------------+--------------------------------------------+
(1) Value in parentheses is the power consumed at that level of hierarchy. Value not in parentheses is the power consumed at that level of hierarchy plus the power consumed by all levels of hierarchy below it.

(2) The "Block Thermal Static Power" for all levels of hierarchy except the top-level hierarchy is part of the "Core Static Thermal Power Dissipation" value found on the PowerPlay Power Analyzer-->Summary report panel. The "Core Static Thermal Power Dissipation" also contains the thermal static power dissipated by the routing.


+-----------------------------------------------------------------+
; Core Dynamic Thermal Power Dissipation by Clock Domain          ;
+--------------+-----------------------+--------------------------+
; Clock Domain ; Clock Frequency (MHz) ; Total Core Dynamic Power ;
+--------------+-----------------------+--------------------------+
; CLOCK_50     ; 50.00                 ; 0.00                     ;
+--------------+-----------------------+--------------------------+


+------------------------------------------------------------------------------------------------------------------------------------+
; Current Drawn from Voltage Supplies Summary                                                                                        ;
+----------------+-------------------------+---------------------------+--------------------------+----------------------------------+
; Voltage Supply ; Total Current Drawn (1) ; Dynamic Current Drawn (1) ; Static Current Drawn (1) ; Minimum Power Supply Current (2) ;
+----------------+-------------------------+---------------------------+--------------------------+----------------------------------+
; VCC            ; 49.29 mA                ; 0.05 mA                   ; 49.24 mA                 ; 49.29 mA                         ;
; VCCIO          ; 0.88 mA                 ; 0.02 mA                   ; 0.85 mA                  ; 0.88 mA                          ;
; VCCPD          ; 2.36 mA                 ; 0.00 mA                   ; 2.36 mA                  ; 2.36 mA                          ;
; VCCA_FPLL      ; 2.03 mA                 ; 0.00 mA                   ; 2.03 mA                  ; 2.03 mA                          ;
; VCCPGM         ; 0.33 mA                 ; 0.00 mA                   ; 0.33 mA                  ; 0.33 mA                          ;
; VCCBAT         ; 0.00 mA                 ; 0.00 mA                   ; 0.00 mA                  ; 0.00 mA                          ;
; VCCE_GXB       ; 0.00 mA                 ; 0.00 mA                   ; 0.00 mA                  ; 0.00 mA                          ;
; VCCL_GXB       ; 0.00 mA                 ; 0.00 mA                   ; 0.00 mA                  ; 0.00 mA                          ;
; VCCH_GXB       ; 0.00 mA                 ; 0.00 mA                   ; 0.00 mA                  ; 0.00 mA                          ;
; VCCAUX         ; 87.00 mA                ; 0.00 mA                   ; 87.00 mA                 ; 87.00 mA                         ;
; VCC_HPS        ; 9.52 mA                 ; 0.00 mA                   ; 9.52 mA                  ; 9.52 mA                          ;
; VCCIO_HPS      ; 0.00 mA                 ; 0.00 mA                   ; 0.00 mA                  ; 0.00 mA                          ;
; VCCPD_HPS      ; 0.00 mA                 ; 0.00 mA                   ; 0.00 mA                  ; 0.00 mA                          ;
; VCCRSTCLK_HPS  ; 0.14 mA                 ; 0.00 mA                   ; 0.14 mA                  ; 0.14 mA                          ;
; VCCPLL_HPS     ; 0.66 mA                 ; 0.00 mA                   ; 0.66 mA                  ; 0.66 mA                          ;
; VCCAUX_SHARED  ; 48.73 mA                ; 0.00 mA                   ; 48.73 mA                 ; 48.73 mA                         ;
+----------------+-------------------------+---------------------------+--------------------------+----------------------------------+
(1) Currents reported in columns "Total Current Drawn", "Dynamic Current Drawn", and "Static Current Drawn" are sufficient for user operation of the device.  
(2) Currents reported in column "Minimum Power Supply Current" do not include transient power-up currents. For transient power-up currents, see the device family datasheet, errata sheet, and/or ES guidelines document, as appropriate. 


+-----------------------------------------------------------------------------------------------+
; VCCIO Supply Current Drawn by I/O Bank                                                        ;
+----------+---------------+---------------------+-----------------------+----------------------+
; I/O Bank ; VCCIO Voltage ; Total Current Drawn ; Dynamic Current Drawn ; Static Current Drawn ;
+----------+---------------+---------------------+-----------------------+----------------------+
; B2L      ; --            ; --                  ; --                    ; --                   ;
; B1L      ; --            ; --                  ; --                    ; --                   ;
; B0L      ; --            ; --                  ; --                    ; --                   ;
; 3A       ; 2.5V          ; 0.07 mA             ; 0.00 mA               ; 0.07 mA              ;
; 3B       ; 2.5V          ; 0.07 mA             ; 0.00 mA               ; 0.07 mA              ;
; 4A       ; 2.5V          ; 0.07 mA             ; 0.00 mA               ; 0.07 mA              ;
; 5A       ; 2.5V          ; 0.09 mA             ; 0.02 mA               ; 0.07 mA              ;
; 5B       ; 2.5V          ; 0.08 mA             ; 0.00 mA               ; 0.08 mA              ;
; 6B       ; 2.5V          ; 0.07 mA             ; 0.00 mA               ; 0.07 mA              ;
; 6A       ; 2.5V          ; 0.07 mA             ; 0.00 mA               ; 0.07 mA              ;
; 7A       ; 2.5V          ; 0.07 mA             ; 0.00 mA               ; 0.07 mA              ;
; 7B       ; 2.5V          ; 0.07 mA             ; 0.00 mA               ; 0.07 mA              ;
; 7C       ; 2.5V          ; 0.07 mA             ; 0.00 mA               ; 0.07 mA              ;
; 7D       ; 2.5V          ; 0.07 mA             ; 0.00 mA               ; 0.07 mA              ;
; 8A       ; 2.5V          ; 0.07 mA             ; 0.00 mA               ; 0.07 mA              ;
; 9A       ; --            ; --                  ; --                    ; --                   ;
+----------+---------------+---------------------+-----------------------+----------------------+


+-----------------------------------------------------------------------------------------------------------------------------------+
; VCCIO Supply Current Drawn by Voltage                                                                                             ;
+---------------+-------------------------+---------------------------+--------------------------+----------------------------------+
; VCCIO Voltage ; Total Current Drawn (1) ; Dynamic Current Drawn (1) ; Static Current Drawn (1) ; Minimum Power Supply Current (2) ;
+---------------+-------------------------+---------------------------+--------------------------+----------------------------------+
; 2.5V          ; 0.88 mA                 ; 0.02 mA                   ; 0.85 mA                  ; 0.88 mA                          ;
+---------------+-------------------------+---------------------------+--------------------------+----------------------------------+
(1) Currents reported in columns "Total Current Drawn", "Dynamic Current Drawn", and "Static Current Drawn" are sufficient for user operation of the device.  
(2) Currents reported in column "Minimum Power Supply Current" do not include transient power-up currents. For transient power-up currents, see the device family datasheet, errata sheet, and/or ES guidelines document, as appropriate. 


+-----------------------------------------------------------------------------------------------+
; VCCPD Supply Current Drawn by I/O Bank                                                        ;
+----------+---------------+---------------------+-----------------------+----------------------+
; I/O Bank ; VCCPD Voltage ; Total Current Drawn ; Dynamic Current Drawn ; Static Current Drawn ;
+----------+---------------+---------------------+-----------------------+----------------------+
; B2L      ; --            ; --                  ; --                    ; --                   ;
; B1L      ; --            ; --                  ; --                    ; --                   ;
; B0L      ; --            ; --                  ; --                    ; --                   ;
; 3A       ; 2.5V          ; 0.20 mA             ; 0.00 mA               ; 0.20 mA              ;
; 3B       ; 2.5V          ; 0.20 mA             ; 0.00 mA               ; 0.20 mA              ;
; 4A       ; 2.5V          ; 0.20 mA             ; 0.00 mA               ; 0.20 mA              ;
; 5A       ; 2.5V          ; 0.20 mA             ; 0.00 mA               ; 0.20 mA              ;
; 5B       ; 2.5V          ; 0.20 mA             ; 0.00 mA               ; 0.20 mA              ;
; 6B       ; 2.5V          ; 0.20 mA             ; 0.00 mA               ; 0.20 mA              ;
; 6A       ; 2.5V          ; 0.20 mA             ; 0.00 mA               ; 0.20 mA              ;
; 7A       ; 2.5V          ; 0.20 mA             ; 0.00 mA               ; 0.20 mA              ;
; 7B       ; 2.5V          ; 0.20 mA             ; 0.00 mA               ; 0.20 mA              ;
; 7C       ; 2.5V          ; 0.20 mA             ; 0.00 mA               ; 0.20 mA              ;
; 7D       ; 2.5V          ; 0.20 mA             ; 0.00 mA               ; 0.20 mA              ;
; 8A       ; 2.5V          ; 0.20 mA             ; 0.00 mA               ; 0.20 mA              ;
; 9A       ; --            ; --                  ; --                    ; --                   ;
+----------+---------------+---------------------+-----------------------+----------------------+


+-----------------------------------------------------------------------------------------------------------------------------------+
; VCCPD Supply Current Drawn by Voltage                                                                                             ;
+---------------+-------------------------+---------------------------+--------------------------+----------------------------------+
; VCCPD Voltage ; Total Current Drawn (1) ; Dynamic Current Drawn (1) ; Static Current Drawn (1) ; Minimum Power Supply Current (2) ;
+---------------+-------------------------+---------------------------+--------------------------+----------------------------------+
; 2.5V          ; 2.36 mA                 ; 0.00 mA                   ; 2.36 mA                  ; 2.36 mA                          ;
+---------------+-------------------------+---------------------------+--------------------------+----------------------------------+
(1) Currents reported in columns "Total Current Drawn", "Dynamic Current Drawn", and "Static Current Drawn" are sufficient for user operation of the device.  
(2) Currents reported in column "Minimum Power Supply Current" do not include transient power-up currents. For transient power-up currents, see the device family datasheet, errata sheet, and/or ES guidelines document, as appropriate. 


+---------------------------------------------------------------------------------------------------------------------------------------------+
; Confidence Metric Details                                                                                                                   ;
+----------------------------------------------------------------------------------------+-----------+-----------+------------+---------------+
; Data Source                                                                            ; Total     ; Pin       ; Registered ; Combinational ;
+----------------------------------------------------------------------------------------+-----------+-----------+------------+---------------+
; Simulation (from file)                                                                 ;           ;           ;            ;               ;
;     -- Number of signals with Toggle Rate from Simulation                              ; 0 (0.0%)  ; 0 (0.0%)  ; 0 (100.0%) ; 0 (0.0%)      ;
;     -- Number of signals with Static Probability from Simulation                       ; 0 (0.0%)  ; 0 (0.0%)  ; 0 (100.0%) ; 0 (0.0%)      ;
;                                                                                        ;           ;           ;            ;               ;
; Node, entity or clock assignment                                                       ;           ;           ;            ;               ;
;     -- Number of signals with Toggle Rate from Node, entity or clock assignment        ; 1 (7.7%)  ; 1 (16.7%) ; 0 (100.0%) ; 0 (0.0%)      ;
;     -- Number of signals with Static Probability from Node, entity or clock assignment ; 1 (7.7%)  ; 1 (16.7%) ; 0 (100.0%) ; 0 (0.0%)      ;
;                                                                                        ;           ;           ;            ;               ;
; Vectorless estimation                                                                  ;           ;           ;            ;               ;
;     -- Number of signals with Toggle Rate from Vectorless estimation                   ; 9 (69.2%) ; 2 (33.3%) ; 0 (100.0%) ; 7 (100.0%)    ;
;     -- Number of signals with Zero toggle rate, from Vectorless estimation             ; 9 (69.2%) ; 2 (33.3%) ; 0 (100.0%) ; 7 (100.0%)    ;
;     -- Number of signals with Static Probability from Vectorless estimation            ; 9 (69.2%) ; 2 (33.3%) ; 0 (100.0%) ; 7 (100.0%)    ;
;                                                                                        ;           ;           ;            ;               ;
; Default assignment                                                                     ;           ;           ;            ;               ;
;     -- Number of signals with Toggle Rate from Default assignment                      ; 0 (0.0%)  ; 0 (0.0%)  ; 0 (100.0%) ; 0 (0.0%)      ;
;     -- Number of signals with Static Probability from Default assignment               ; 3 (23.1%) ; 3 (50.0%) ; 0 (100.0%) ; 0 (0.0%)      ;
;                                                                                        ;           ;           ;            ;               ;
; Assumed 0                                                                              ;           ;           ;            ;               ;
;     -- Number of signals with Toggle Rate assumed 0                                    ; 3 (23.1%) ; 3 (50.0%) ; 0 (100.0%) ; 0 (0.0%)      ;
+----------------------------------------------------------------------------------------+-----------+-----------+------------+---------------+


+---------------------------------------------------------------------------------------------------------------------------------------------+
; Signal Activities                                                                                                                           ;
+--------+------+---------------------------------------------+-------------------------+--------------------+--------------------------------+
; Signal ; Type ; Toggle Rate (millions of transitions / sec) ; Toggle Rate Data Source ; Static Probability ; Static Probability Data Source ;
+--------+------+---------------------------------------------+-------------------------+--------------------+--------------------------------+
(1) The "Signal Activity" Table has been hidden. To show this table, please select the "Write signal activities to report file" option under "PowerPlay Power Analyzer Settings".


+-------------------------+
; Power Analyzer Messages ;
+-------------------------+
Info: *******************************************************************
Info: Running Quartus Prime Power Analyzer
    Info: Version 20.1.1 Build 720 11/11/2020 SJ Lite Edition
    Info: Copyright (C) 2020  Intel Corporation. All rights reserved.
    Info: Your use of Intel Corporation's design tools, logic functions 
    Info: and other software and tools, and any partner logic 
    Info: functions, and any output files from any of the foregoing 
    Info: (including device programming or simulation files), and any 
    Info: associated documentation or information are expressly subject 
    Info: to the terms and conditions of the Intel Program License 
    Info: Subscription Agreement, the Intel Quartus Prime License Agreement,
    Info: the Intel FPGA IP License Agreement, or other applicable license
    Info: agreement, including, without limitation, that your use is for
    Info: the sole purpose of programming logic devices manufactured by
    Info: Intel and sold by Intel or its authorized distributors.  Please
    Info: refer to the applicable agreement for further details, at
    Info: https://fpgasoftware.intel.com/eula.
    Info: Processing started: Mon Oct 20 04:02:26 2025
Info: Command: quartus_pow full_adder
Info (21076): High junction temperature operating condition is not set. Assuming a default value of '85'.
Info (21076): Low junction temperature operating condition is not set. Assuming a default value of '0'.
Info (332104): Reading SDC File: 'de1soc.sdc'
Info (332154): The derive_clock_uncertainty command did not apply clock uncertainty to any clock-to-clock transfers.
Info (223000): Starting Vectorless Power Activity Estimation
Warning (222013): Relative toggle rates could not be calculated because no clock domain could be identified for some nodes
Info (223001): Completed Vectorless Power Activity Estimation
Critical Warning (215050): HPS power is being analyzed for a device with an HPS without HPS power.
Info (218000): Using Advanced I/O Power to simulate I/O buffers with the specified board trace model
Warning (215044): No board thermal model was selected.  Analyzing without board thermal modeling.
Info (334003): Started post-fitting delay annotation
Info (334004): Delay annotation completed successfully
Info (215049): Average toggle rate for this design is 12.500 millions of transitions / sec
Info (215031): Total thermal power estimate for the design is 419.75 mW
Info: Quartus Prime Power Analyzer was successful. 0 errors, 3 warnings
    Info: Peak virtual memory: 5284 megabytes
    Info: Processing ended: Mon Oct 20 04:02:29 2025
    Info: Elapsed time: 00:00:03
    Info: Total CPU time (on all processors): 00:00:03


